102.07.28 16:37 B c:\Documents and Settings\owner\My Documents\Web\O.org\root2\images\back.jpg <-- COB Web Server /var/www/private/images back.jpg
102.07.28 16:37 B c:\Documents and Settings\owner\My Documents\Web\O.org\root2\images\bldg.jpg <-- COB Web Server /var/www/private/images bldg.jpg
102.07.28 16:37 B c:\Documents and Settings\owner\My Documents\Web\O.org\root2\images\bldg2.jpg <-- COB Web Server /var/www/private/images bldg2.jpg
102.07.28 16:37 B c:\Documents and Settings\owner\My Documents\Web\O.org\root2\images\bldg2b.jpg <-- COB Web Server /var/www/private/images bldg2b.jpg
102.07.28 16:37 B c:\Documents and Settings\owner\My Documents\Web\O.org\root2\images\bldg2w.jpg <-- COB Web Server /var/www/private/images bldg2w.jpg
102.07.28 16:37 B c:\Documents and Settings\owner\My Documents\Web\O.org\root2\images\bldgw.jpg <-- COB Web Server /var/www/private/images bldgw.jpg
102.07.28 16:37 B c:\Documents and Settings\owner\My Documents\Web\O.org\root2\images\BluBr.jpg <-- COB Web Server /var/www/private/images BluBr.jpg
102.07.28 16:37 B c:\Documents and Settings\owner\My Documents\Web\O.org\root2\images\bluClmTop.gif <-- COB Web Server /var/www/private/images bluClmTop.gif
102.07.28 16:37 B c:\Documents and Settings\owner\My Documents\Web\O.org\root2\images\bottom.jpg <-- COB Web Server /var/www/private/images bottom.jpg
102.07.28 16:37 B c:\Documents and Settings\owner\My Documents\Web\O.org\root2\images\bottom2.jpg <-- COB Web Server /var/www/private/images bottom2.jpg
102.07.28 16:37 B c:\Documents and Settings\owner\My Documents\Web\O.org\root2\images\button copy.jpg <-- COB Web Server /var/www/private/images button copy.jpg
102.07.28 16:37 B c:\Documents and Settings\owner\My Documents\Web\O.org\root2\images\CancWalk1.jpg <-- COB Web Server /var/www/private/images CancWalk1.jpg
102.07.28 16:37 B c:\Documents and Settings\owner\My Documents\Web\O.org\root2\images\funding1.jpg <-- COB Web Server /var/www/private/images funding1.jpg
102.07.28 16:37 B c:\Documents and Settings\owner\My Documents\Web\O.org\root2\images\funding2.jpg <-- COB Web Server /var/www/private/images funding2.jpg
102.07.28 16:37 B c:\Documents and Settings\owner\My Documents\Web\O.org\root2\images\header.gif <-- COB Web Server /var/www/private/images header.gif
102.07.28 16:37 B c:\Documents and Settings\owner\My Documents\Web\O.org\root2\images\headersm.jpg <-- COB Web Server /var/www/private/images headersm.jpg
102.07.28 16:37 B c:\Documents and Settings\owner\My Documents\Web\O.org\root2\images\temptitle.jpg <-- COB Web Server /var/www/private/images temptitle.jpg
102.07.28 16:37 B c:\Documents and Settings\owner\My Documents\Web\O.org\root2\images\Thumbs.db <-- COB Web Server /var/www/private/images Thumbs.db
102.07.28 16:37 B c:\Documents and Settings\owner\My Documents\Web\O.org\root2\images\title5Bw.jpg <-- COB Web Server /var/www/private/images title5Bw.jpg
102.07.28 16:37 B c:\Documents and Settings\owner\My Documents\Web\O.org\root2\images\title5sm.jpg <-- COB Web Server /var/www/private/images title5sm.jpg
102.07.28 16:37 B c:\Documents and Settings\owner\My Documents\Web\O.org\root2\images\title5w.jpg <-- COB Web Server /var/www/private/images title5w.jpg
